* using log directory ‘/Users/jyen1/Dropbox/fdaMethods/FREE/..Rcheck’
* using R version 3.2.3 (2015-12-10)
* using platform: x86_64-apple-darwin13.4.0 (64-bit)
* using session charset: UTF-8
* checking for file ‘./DESCRIPTION’ ... OK
* checking extension type ... Package
* this is package ‘FREE’ version ‘2.0’
* checking package namespace information ... OK
* checking package dependencies ... OK
* checking if this is a source package ... OK
* checking if there is a namespace ... OK
* checking for executable files ... OK
* checking for hidden files and directories ... NOTE
Found the following hidden files and directories:
  man/.Rapp.history
  src/.DS_Store
These were most likely included in error. See section ‘Package
structure’ in the ‘Writing R Extensions’ manual.
* checking for portable file names ... OK
* checking for sufficient/correct file permissions ... OK
* checking whether package ‘FREE’ can be installed ... ERROR
Installation failed.
See ‘/Users/jyen1/Dropbox/fdaMethods/FREE/..Rcheck/00install.out’ for details.
* DONE
Status: 1 ERROR, 1 NOTE
