* installing *source* package ‘FREE’ ...
** libs
clang++ -I/Library/Frameworks/R.framework/Resources/include -DNDEBUG  -I/usr/local/include -I/usr/local/include/freetype2 -I/opt/X11/include -I"/Users/jyen1/Library/R/3.2/library/Rcpp/include" -I"/Users/jyen1/Library/R/3.2/library/RcppArmadillo/include"   -fPIC  -Wall -mtune=core2 -g -O2  -c RcppExports.cpp -o RcppExports.o
clang++ -I/Library/Frameworks/R.framework/Resources/include -DNDEBUG  -I/usr/local/include -I/usr/local/include/freetype2 -I/opt/X11/include -I"/Users/jyen1/Library/R/3.2/library/Rcpp/include" -I"/Users/jyen1/Library/R/3.2/library/RcppArmadillo/include"   -fPIC  -Wall -mtune=core2 -g -O2  -c scalar_update_betas.cpp -o scalar_update_betas.o
clang++ -I/Library/Frameworks/R.framework/Resources/include -DNDEBUG  -I/usr/local/include -I/usr/local/include/freetype2 -I/opt/X11/include -I"/Users/jyen1/Library/R/3.2/library/Rcpp/include" -I"/Users/jyen1/Library/R/3.2/library/RcppArmadillo/include"   -fPIC  -Wall -mtune=core2 -g -O2  -c spline_model_sampler.cpp -o spline_model_sampler.o
clang++ -dynamiclib -Wl,-headerpad_max_install_names -undefined dynamic_lookup -single_module -multiply_defined suppress -L/Library/Frameworks/R.framework/Resources/lib -L/usr/local/lib -o FREE.so RcppExports.o scalar_update_betas.o spline_model_sampler.o -F/Library/Frameworks/R.framework/.. -framework R -Wl,-framework -Wl,CoreFoundation
installing to /Users/jyen1/Dropbox/fdaMethods/FREE/..Rcheck/FREE/libs
** R
** preparing package for lazy loading
** help
*** installing help indices
** building package indices
** testing if installed package can be loaded
Error in dyn.load(file, DLLpath = DLLpath, ...) : 
  unable to load shared object '/Users/jyen1/Dropbox/fdaMethods/FREE/..Rcheck/FREE/libs/FREE.so':
  dlopen(/Users/jyen1/Dropbox/fdaMethods/FREE/..Rcheck/FREE/libs/FREE.so, 6): Symbol not found: __Z11ln_rho_densdN4Rcpp6VectorILi13ENS_15PreserveStorageEEENS_6MatrixILi14ES1_EES4_NS0_ILi14ES1_EES4_NS0_ILi19ES1_EES6_S6_S6_ddS6_S6_dddddiiiiS5_
  Referenced from: /Users/jyen1/Dropbox/fdaMethods/FREE/..Rcheck/FREE/libs/FREE.so
  Expected in: flat namespace
 in /Users/jyen1/Dropbox/fdaMethods/FREE/..Rcheck/FREE/libs/FREE.so
Error: loading failed
Execution halted
ERROR: loading failed
* removing ‘/Users/jyen1/Dropbox/fdaMethods/FREE/..Rcheck/FREE’
